
> zod-models@1.0.0 example
> npx ts-node src/example-validation.ts

/opt/homebrew/lib/node_modules/ts-node/src/index.ts:859
    return new TSError(diagnosticText, diagnosticCodes, diagnostics);
           ^
TSError: ⨯ Unable to compile TypeScript:
src/example-validation.ts:20:65 - error TS2339: Property 'errors' does not exist on type 'ZodError<unknown>'.

20       console.error("Validation error for contact data:", error.errors);
                                                                   ~~~~~~
src/example-validation.ts:61:30 - error TS2345: Argument of type '{ key: string; dateCreated: number; lastUpdated: number; version: number; status: BaseStatus; first_name: string; last_name: string; ip_address: string; }' is not assignable to parameter of type '{ dateCreated: number; lastUpdated: number; version: number; status: BaseStatus; email: string; ip_address: string; key: string; first_name?: string | undefined; last_name?: string | undefined; phone?: string | undefined; details?: Map<...> | undefined; }'.
  Property 'email' is missing in type '{ key: string; dateCreated: number; lastUpdated: number; version: number; status: BaseStatus; first_name: string; last_name: string; ip_address: string; }' but required in type '{ dateCreated: number; lastUpdated: number; version: number; status: BaseStatus; email: string; ip_address: string; key: string; first_name?: string | undefined; last_name?: string | undefined; phone?: string | undefined; details?: Map<...> | undefined; }'.

61     await processContactData(invalidContactMissingEmail);
                                ~~~~~~~~~~~~~~~~~~~~~~~~~~

  src/models.ts:25:3
    25   email: z.string().email(),                    // required
         ~~~~~~~~~~~~~~~~~~~~~~~~~
    'email' is declared here.

    at createTSError (/opt/homebrew/lib/node_modules/ts-node/src/index.ts:859:12)
    at reportTSError (/opt/homebrew/lib/node_modules/ts-node/src/index.ts:863:19)
    at getOutput (/opt/homebrew/lib/node_modules/ts-node/src/index.ts:1077:36)
    at Object.compile (/opt/homebrew/lib/node_modules/ts-node/src/index.ts:1433:41)
    at Module.m._compile (/opt/homebrew/lib/node_modules/ts-node/src/index.ts:1617:30)
    at node:internal/modules/cjs/loader:1824:10
    at Object.require.extensions.<computed> [as .ts] (/opt/homebrew/lib/node_modules/ts-node/src/index.ts:1621:12)
    at Module.load (node:internal/modules/cjs/loader:1427:32)
    at Module._load (node:internal/modules/cjs/loader:1250:12)
    at TracingChannel.traceSync (node:diagnostics_channel:322:14) {
  diagnosticCodes: [ 2339, 2345 ]
}
dpw@larkspur.local 25-07-11  2:44PM zod-models ⛺️ npx ts-node src/example-validation.ts
/opt/homebrew/lib/node_modules/ts-node/src/index.ts:859
    return new TSError(diagnosticText, diagnosticCodes, diagnostics);
           ^
TSError: ⨯ Unable to compile TypeScript:
src/example-validation.ts:20:65 - error TS2339: Property 'errors' does not exist on type 'ZodError<unknown>'.

20       console.error("Validation error for contact data:", error.errors);
                                                                   ~~~~~~
src/example-validation.ts:61:30 - error TS2345: Argument of type '{ key: string; dateCreated: number; lastUpdated: number; version: number; status: BaseStatus; first_name: string; last_name: string; ip_address: string; }' is not assignable to parameter of type '{ dateCreated: number; lastUpdated: number; version: number; status: BaseStatus; email: string; ip_address: string; key: string; first_name?: string | undefined; last_name?: string | undefined; phone?: string | undefined; details?: Map<...> | undefined; }'.
  Property 'email' is missing in type '{ key: string; dateCreated: number; lastUpdated: number; version: number; status: BaseStatus; first_name: string; last_name: string; ip_address: string; }' but required in type '{ dateCreated: number; lastUpdated: number; version: number; status: BaseStatus; email: string; ip_address: string; key: string; first_name?: string | undefined; last_name?: string | undefined; phone?: string | undefined; details?: Map<...> | undefined; }'.

61     await processContactData(invalidContactMissingEmail);
                                ~~~~~~~~~~~~~~~~~~~~~~~~~~

  src/models.ts:25:3
    25   email: z.string().email(),                    // required
         ~~~~~~~~~~~~~~~~~~~~~~~~~
    'email' is declared here.

    at createTSError (/opt/homebrew/lib/node_modules/ts-node/src/index.ts:859:12)
    at reportTSError (/opt/homebrew/lib/node_modules/ts-node/src/index.ts:863:19)
    at getOutput (/opt/homebrew/lib/node_modules/ts-node/src/index.ts:1077:36)
    at Object.compile (/opt/homebrew/lib/node_modules/ts-node/src/index.ts:1433:41)
    at Module.m._compile (/opt/homebrew/lib/node_modules/ts-node/src/index.ts:1617:30)
    at node:internal/modules/cjs/loader:1824:10
    at Object.require.extensions.<computed> [as .ts] (/opt/homebrew/lib/node_modules/ts-node/src/index.ts:1621:12)
    at Module.load (node:internal/modules/cjs/loader:1427:32)
    at Module._load (node:internal/modules/cjs/loader:1250:12)
    at TracingChannel.traceSync (node:diagnostics_channel:322:14) {
  diagnosticCodes: [ 2339, 2345 ]
